[debug] [2024-01-25T12:13:10.016Z] ----------------------------------------------------------------------
[debug] [2024-01-25T12:13:10.018Z] Command:       C:\Program Files\nodejs\node.exe C:\Users\Nicolas\AppData\Roaming\npm\node_modules\firebase-tools\lib\bin\firebase.js deploy
[debug] [2024-01-25T12:13:10.019Z] CLI Version:   13.1.0
[debug] [2024-01-25T12:13:10.019Z] Platform:      win32
[debug] [2024-01-25T12:13:10.019Z] Node Version:  v20.10.0
[debug] [2024-01-25T12:13:10.019Z] Time:          Thu Jan 25 2024 07:13:10 GMT-0500 (hora estándar de Colombia)
[debug] [2024-01-25T12:13:10.019Z] ----------------------------------------------------------------------
[debug] 
[debug] [2024-01-25T12:13:10.106Z] > command requires scopes: ["email","openid","https://www.googleapis.com/auth/cloudplatformprojects.readonly","https://www.googleapis.com/auth/firebase","https://www.googleapis.com/auth/cloud-platform"]
[debug] [2024-01-25T12:13:10.107Z] > authorizing via signed-in user (jnsoler04@gmail.com)
[debug] [2024-01-25T12:13:10.107Z] [iam] checking project ztechnology-client-firebase for permissions ["firebase.projects.get","firebasehosting.sites.update"]
[debug] [2024-01-25T12:13:10.109Z] >>> [apiv2][query] POST https://cloudresourcemanager.googleapis.com/v1/projects/ztechnology-client-firebase:testIamPermissions [none]
[debug] [2024-01-25T12:13:10.109Z] >>> [apiv2][(partial)header] POST https://cloudresourcemanager.googleapis.com/v1/projects/ztechnology-client-firebase:testIamPermissions x-goog-quota-user=projects/ztechnology-client-firebase
[debug] [2024-01-25T12:13:10.109Z] >>> [apiv2][body] POST https://cloudresourcemanager.googleapis.com/v1/projects/ztechnology-client-firebase:testIamPermissions {"permissions":["firebase.projects.get","firebasehosting.sites.update"]}
[debug] [2024-01-25T12:13:10.594Z] <<< [apiv2][status] POST https://cloudresourcemanager.googleapis.com/v1/projects/ztechnology-client-firebase:testIamPermissions 200
[debug] [2024-01-25T12:13:10.594Z] <<< [apiv2][body] POST https://cloudresourcemanager.googleapis.com/v1/projects/ztechnology-client-firebase:testIamPermissions {"permissions":["firebase.projects.get","firebasehosting.sites.update"]}
[debug] [2024-01-25T12:13:10.595Z] >>> [apiv2][query] GET https://firebase.googleapis.com/v1beta1/projects/ztechnology-client-firebase [none]
[debug] [2024-01-25T12:13:10.896Z] <<< [apiv2][status] GET https://firebase.googleapis.com/v1beta1/projects/ztechnology-client-firebase 200
[debug] [2024-01-25T12:13:10.897Z] <<< [apiv2][body] GET https://firebase.googleapis.com/v1beta1/projects/ztechnology-client-firebase {"projectId":"ztechnology-client-firebase","projectNumber":"110603095715","displayName":"ztechnology-client-firebase","name":"projects/ztechnology-client-firebase","resources":{"hostingSite":"ztechnology-client-firebase"},"state":"ACTIVE","etag":"1_f7b55b71-916b-4ea3-b826-a3cf722ad0b1"}
[info] 
[info] === Deploying to 'ztechnology-client-firebase'...
[info] 
[info] i  deploying hosting 
[debug] [2024-01-25T12:13:10.902Z] >>> [apiv2][query] POST https://firebasehosting.googleapis.com/v1beta1/projects/-/sites/ztechnology-client-firebase/versions [none]
[debug] [2024-01-25T12:13:10.902Z] >>> [apiv2][body] POST https://firebasehosting.googleapis.com/v1beta1/projects/-/sites/ztechnology-client-firebase/versions {"status":"CREATED","labels":{"deployment-tool":"cli-firebase"}}
